TN:
SF:src/modules/cities/services/CreateCityService.ts
FN:14,(anonymous_18)
FN:15,CreateCityService
FN:20,(anonymous_20)
FNF:3
FNH:3
FNDA:2,(anonymous_18)
FNDA:3,CreateCityService
FNDA:5,(anonymous_20)
DA:1,2
DA:6,2
DA:14,2
DA:17,3
DA:20,5
DA:21,5
DA:23,5
DA:24,1
DA:27,4
DA:32,4
DA:34,2
DA:36,2
LF:12
LH:12
BRDA:21,0,0,5
BRDA:23,1,0,1
BRDA:23,1,1,4
BRF:3
BRH:3
end_of_record
TN:
SF:src/modules/cities/services/ListCitiesService.ts
FN:11,(anonymous_18)
FN:12,CreateCityService
FN:17,(anonymous_20)
FNF:3
FNH:3
FNDA:1,(anonymous_18)
FNDA:3,CreateCityService
FNDA:3,(anonymous_20)
DA:1,1
DA:3,1
DA:11,1
DA:14,3
DA:17,1
DA:18,3
DA:20,3
DA:21,0
DA:24,3
DA:26,1
DA:28,1
LF:11
LH:10
BRDA:18,0,0,3
BRDA:20,1,0,0
BRDA:20,1,1,3
BRF:3
BRH:2
end_of_record
TN:
SF:src/modules/shipmentRoutes/services/CreateShipmentRouteService.ts
FN:16,(anonymous_18)
FN:17,CreateShipmentRouteService
FN:22,(anonymous_20)
FNF:3
FNH:0
FNDA:0,(anonymous_18)
FNDA:0,CreateShipmentRouteService
FNDA:0,(anonymous_20)
DA:2,0
DA:4,0
DA:16,0
DA:19,0
DA:22,0
DA:24,0
DA:28,0
DA:29,0
DA:32,0
DA:38,0
DA:40,0
DA:42,0
LF:12
LH:0
BRDA:24,0,0,0
BRDA:28,1,0,0
BRDA:28,1,1,0
BRF:3
BRH:0
end_of_record
TN:
SF:src/modules/users/services/AuthenticateUserService.ts
FN:20,(anonymous_18)
FN:21,AuthenticateUserService
FN:28,(anonymous_20)
FNF:3
FNH:3
FNDA:1,(anonymous_18)
FNDA:3,AuthenticateUserService
FNDA:3,(anonymous_20)
DA:1,1
DA:2,1
DA:5,1
DA:7,1
DA:20,1
DA:23,3
DA:25,3
DA:28,3
DA:29,3
DA:31,3
DA:32,1
DA:35,2
DA:40,2
DA:41,1
DA:44,1
DA:46,1
DA:50,1
DA:52,1
DA:54,1
LF:19
LH:19
BRDA:29,0,0,3
BRDA:31,1,0,1
BRDA:31,1,1,2
BRDA:40,2,0,1
BRDA:40,2,1,1
BRF:5
BRH:5
end_of_record
TN:
SF:src/modules/users/services/CreateUserService.ts
FN:16,(anonymous_18)
FN:17,CreateUserService
FN:24,(anonymous_20)
FNF:3
FNH:3
FNDA:2,(anonymous_18)
FNDA:4,CreateUserService
FNDA:5,(anonymous_20)
DA:1,2
DA:3,2
DA:16,2
DA:19,4
DA:21,4
DA:24,5
DA:25,5
DA:27,5
DA:28,1
DA:31,4
DA:33,4
DA:39,4
DA:41,2
DA:43,2
LF:14
LH:14
BRDA:25,0,0,5
BRDA:27,1,0,1
BRDA:27,1,1,4
BRF:3
BRH:3
end_of_record
TN:
SF:src/modules/users/services/UpdateUserAvatarService.ts
FN:17,(anonymous_18)
FN:18,UpdateUserAvatarService
FN:25,(anonymous_20)
FNF:3
FNH:3
FNDA:1,(anonymous_18)
FNDA:3,UpdateUserAvatarService
FNDA:4,(anonymous_20)
DA:1,1
DA:7,1
DA:17,1
DA:20,3
DA:22,3
DA:25,4
DA:26,4
DA:27,4
DA:28,1
DA:30,5
DA:31,2
DA:34,3
DA:35,3
DA:37,6
DA:38,3
DA:40,1
DA:41,1
LF:17
LH:17
BRDA:26,0,0,4
BRDA:26,0,1,3
BRDA:27,1,0,1
BRDA:27,1,1,3
BRDA:30,2,0,2
BRDA:30,2,1,1
BRF:6
BRH:6
end_of_record
